<?xml version="1.0" encoding="UTF-8"?>
<testsuite xmlns:xsi="http://www.w3.org/2001/XMLSchema-instance" xsi:noNamespaceSchemaLocation="https://maven.apache.org/surefire/maven-surefire-plugin/xsd/surefire-test-report-3.0.xsd" version="3.0" name="de.lcraft.lapi.configurationSystem.yaml.ConfigTest" time="0.146" tests="3" errors="0" skipped="0" failures="0">
  <properties>
    <property name="java.specification.version" value="21"/>
    <property name="sun.cpu.isalist" value="amd64"/>
    <property name="sun.jnu.encoding" value="Cp1252"/>
    <property name="java.class.path" value="C:\Users\LPDs Gaming Laptop\Desktop\Development\workspace\LcraftAPI\ConfigurationSystem\target\test-classes;C:\Users\LPDs Gaming Laptop\Desktop\Development\workspace\LcraftAPI\ConfigurationSystem\target\classes;C:\Users\LPDs Gaming Laptop\Desktop\Development\workspace\LcraftAPI\JavaUtils\target\javaUtils-1.0.0 b8.jar;C:\Users\LPDs Gaming Laptop\.m2\repository\org\apache\commons\commons-lang3\3.14.0\commons-lang3-3.14.0.jar;C:\Users\LPDs Gaming Laptop\.m2\repository\com\mysql\mysql-connector-j\8.0.33\mysql-connector-j-8.0.33.jar;C:\Users\LPDs Gaming Laptop\.m2\repository\com\google\protobuf\protobuf-java\3.21.9\protobuf-java-3.21.9.jar;C:\Users\LPDs Gaming Laptop\.m2\repository\org\junit\jupiter\junit-jupiter\5.10.2\junit-jupiter-5.10.2.jar;C:\Users\LPDs Gaming Laptop\.m2\repository\org\junit\jupiter\junit-jupiter-api\5.10.2\junit-jupiter-api-5.10.2.jar;C:\Users\LPDs Gaming Laptop\.m2\repository\org\opentest4j\opentest4j\1.3.0\opentest4j-1.3.0.jar;C:\Users\LPDs Gaming Laptop\.m2\repository\org\junit\platform\junit-platform-commons\1.10.2\junit-platform-commons-1.10.2.jar;C:\Users\LPDs Gaming Laptop\.m2\repository\org\apiguardian\apiguardian-api\1.1.2\apiguardian-api-1.1.2.jar;C:\Users\LPDs Gaming Laptop\.m2\repository\org\junit\jupiter\junit-jupiter-params\5.10.2\junit-jupiter-params-5.10.2.jar;C:\Users\LPDs Gaming Laptop\.m2\repository\org\junit\jupiter\junit-jupiter-engine\5.10.2\junit-jupiter-engine-5.10.2.jar;C:\Users\LPDs Gaming Laptop\.m2\repository\org\junit\platform\junit-platform-engine\1.10.2\junit-platform-engine-1.10.2.jar;"/>
    <property name="java.vm.vendor" value="Oracle Corporation"/>
    <property name="sun.arch.data.model" value="64"/>
    <property name="user.variant" value=""/>
    <property name="java.vendor.url" value="https://java.oracle.com/"/>
    <property name="user.timezone" value="Europe/Berlin"/>
    <property name="os.name" value="Windows 11"/>
    <property name="java.vm.specification.version" value="21"/>
    <property name="sun.java.launcher" value="SUN_STANDARD"/>
    <property name="user.country" value="DE"/>
    <property name="sun.boot.library.path" value="C:\Users\LPDs Gaming Laptop\.jdks\openjdk-21.0.1\bin"/>
    <property name="sun.java.command" value="C:\Users\LPDs Gaming Laptop\AppData\Local\Temp\surefire6638283174382462736\surefirebooter-20240414145928004_6.jar C:\Users\LPDs Gaming Laptop\AppData\Local\Temp\surefire6638283174382462736 2024-04-14T14-59-23_633-jvmRun1 surefire-20240414145928004_4tmp surefire_1-20240414145928004_5tmp"/>
    <property name="jdk.debug" value="release"/>
    <property name="surefire.test.class.path" value="C:\Users\LPDs Gaming Laptop\Desktop\Development\workspace\LcraftAPI\ConfigurationSystem\target\test-classes;C:\Users\LPDs Gaming Laptop\Desktop\Development\workspace\LcraftAPI\ConfigurationSystem\target\classes;C:\Users\LPDs Gaming Laptop\Desktop\Development\workspace\LcraftAPI\JavaUtils\target\javaUtils-1.0.0 b8.jar;C:\Users\LPDs Gaming Laptop\.m2\repository\org\apache\commons\commons-lang3\3.14.0\commons-lang3-3.14.0.jar;C:\Users\LPDs Gaming Laptop\.m2\repository\com\mysql\mysql-connector-j\8.0.33\mysql-connector-j-8.0.33.jar;C:\Users\LPDs Gaming Laptop\.m2\repository\com\google\protobuf\protobuf-java\3.21.9\protobuf-java-3.21.9.jar;C:\Users\LPDs Gaming Laptop\.m2\repository\org\junit\jupiter\junit-jupiter\5.10.2\junit-jupiter-5.10.2.jar;C:\Users\LPDs Gaming Laptop\.m2\repository\org\junit\jupiter\junit-jupiter-api\5.10.2\junit-jupiter-api-5.10.2.jar;C:\Users\LPDs Gaming Laptop\.m2\repository\org\opentest4j\opentest4j\1.3.0\opentest4j-1.3.0.jar;C:\Users\LPDs Gaming Laptop\.m2\repository\org\junit\platform\junit-platform-commons\1.10.2\junit-platform-commons-1.10.2.jar;C:\Users\LPDs Gaming Laptop\.m2\repository\org\apiguardian\apiguardian-api\1.1.2\apiguardian-api-1.1.2.jar;C:\Users\LPDs Gaming Laptop\.m2\repository\org\junit\jupiter\junit-jupiter-params\5.10.2\junit-jupiter-params-5.10.2.jar;C:\Users\LPDs Gaming Laptop\.m2\repository\org\junit\jupiter\junit-jupiter-engine\5.10.2\junit-jupiter-engine-5.10.2.jar;C:\Users\LPDs Gaming Laptop\.m2\repository\org\junit\platform\junit-platform-engine\1.10.2\junit-platform-engine-1.10.2.jar;"/>
    <property name="sun.cpu.endian" value="little"/>
    <property name="user.home" value="C:\Users\LPDs Gaming Laptop"/>
    <property name="user.language" value="de"/>
    <property name="java.specification.vendor" value="Oracle Corporation"/>
    <property name="java.version.date" value="2023-10-17"/>
    <property name="java.home" value="C:\Users\LPDs Gaming Laptop\.jdks\openjdk-21.0.1"/>
    <property name="file.separator" value="\"/>
    <property name="basedir" value="C:\Users\LPDs Gaming Laptop\Desktop\Development\workspace\LcraftAPI\ConfigurationSystem"/>
    <property name="java.vm.compressedOopsMode" value="Zero based"/>
    <property name="line.separator" value="&#10;"/>
    <property name="java.vm.specification.vendor" value="Oracle Corporation"/>
    <property name="java.specification.name" value="Java Platform API Specification"/>
    <property name="surefire.real.class.path" value="C:\Users\LPDs Gaming Laptop\AppData\Local\Temp\surefire6638283174382462736\surefirebooter-20240414145928004_6.jar"/>
    <property name="user.script" value=""/>
    <property name="sun.management.compiler" value="HotSpot 64-Bit Tiered Compilers"/>
    <property name="java.runtime.version" value="21.0.1+12-29"/>
    <property name="user.name" value="LPDs Gaming Laptop"/>
    <property name="stdout.encoding" value="Cp1252"/>
    <property name="path.separator" value=";"/>
    <property name="os.version" value="10.0"/>
    <property name="java.runtime.name" value="OpenJDK Runtime Environment"/>
    <property name="file.encoding" value="UTF-8"/>
    <property name="java.vm.name" value="OpenJDK 64-Bit Server VM"/>
    <property name="localRepository" value="C:\Users\LPDs Gaming Laptop\.m2\repository"/>
    <property name="java.vendor.url.bug" value="https://bugreport.java.com/bugreport/"/>
    <property name="java.io.tmpdir" value="C:\Users\LPDSGA~1\AppData\Local\Temp\"/>
    <property name="idea.version" value="2024.1"/>
    <property name="java.version" value="21.0.1"/>
    <property name="user.dir" value="C:\Users\LPDs Gaming Laptop\Desktop\Development\workspace\LcraftAPI\ConfigurationSystem"/>
    <property name="os.arch" value="amd64"/>
    <property name="java.vm.specification.name" value="Java Virtual Machine Specification"/>
    <property name="sun.os.patch.level" value=""/>
    <property name="native.encoding" value="Cp1252"/>
    <property name="java.library.path" value="C:\Users\LPDs Gaming Laptop\.jdks\openjdk-21.0.1\bin;C:\Windows\Sun\Java\bin;C:\Windows\system32;C:\Windows;C:\Program Files\Common Files\Oracle\Java\javapath;C:\Program Files (x86)\VMware\VMware Player\bin\;C:\Windows\system32;C:\Windows;C:\Windows\System32\Wbem;C:\Windows\System32\WindowsPowerShell\v1.0\;C:\Windows\System32\OpenSSH\;C:\Program Files (x86)\NVIDIA Corporation\PhysX\Common;C:\Program Files (x86)\IVI Foundation\VISA\WinNT\Bin;C:\Program Files\Git\cmd;C:\Program Files\dotnet\;C:\Program Files\NVIDIA Corporation\NVIDIA App\NvDLISR;C:\Users\LPDs Gaming Laptop\AppData\Local\Programs\Python\Python312\Scripts\;C:\Users\LPDs Gaming Laptop\AppData\Local\Programs\Python\Python312\;C:\Users\LPDs Gaming Laptop\AppData\Local\Microsoft\WindowsApps;C:\Users\LPDs Gaming Laptop\AppData\Local\JetBrains\Toolbox\scripts;C:\Users\LPDs Gaming Laptop\AppData\Local\GitHubDesktop\bin;C:\Users\LPDs Gaming Laptop\AppData\Local\Programs\Microsoft VS Code\bin;."/>
    <property name="java.vm.info" value="mixed mode, sharing"/>
    <property name="stderr.encoding" value="Cp1252"/>
    <property name="java.vendor" value="Oracle Corporation"/>
    <property name="java.vm.version" value="21.0.1+12-29"/>
    <property name="sun.io.unicode.encoding" value="UnicodeLittle"/>
    <property name="java.class.version" value="65.0"/>
  </properties>
  <testcase name="testBasicConfigFunctions" classname="de.lcraft.lapi.configurationSystem.yaml.ConfigTest" time="0.08"/>
  <testcase name="testAllConfigFunctions" classname="de.lcraft.lapi.configurationSystem.yaml.ConfigTest" time="0.001"/>
  <testcase name="testAdvancedConfigFunctions" classname="de.lcraft.lapi.configurationSystem.yaml.ConfigTest" time="0.042"/>
</testsuite>